2025-11-19 14:33:09 - c.p.paymentapi.PaymentApiApplication - Starting PaymentApiApplication using Java 21.0.8 on DESKTOP-II22I4G with PID 23444 (C:\Users\SEDUC DEST2\Downloads\payment-api(arrumar pagamento,esquecer senha tbm)(2)\payment-api(falta esquecer senha mas tem azure)\payment-api\payment-api\build\classes\java\main started by SEDUC DEST2 in C:\Users\SEDUC DEST2\Downloads\payment-api(arrumar pagamento,esquecer senha tbm)(2)\payment-api(falta esquecer senha mas tem azure)\payment-api\payment-api)
2025-11-19 14:33:09 - c.p.paymentapi.PaymentApiApplication - Running with Spring Boot v2.7.18, Spring v5.3.31
2025-11-19 14:33:09 - c.p.paymentapi.PaymentApiApplication - The following 1 profile is active: "prod"
2025-11-19 14:33:10 - o.s.d.r.c.RepositoryConfigurationDelegate - Bootstrapping Spring Data JPA repositories in DEFAULT mode.
2025-11-19 14:33:10 - o.s.d.r.c.RepositoryConfigurationDelegate - Finished Spring Data repository scanning in 12 ms. Found 0 JPA repository interfaces.
2025-11-19 14:33:11 - o.s.b.w.e.tomcat.TomcatWebServer - Tomcat initialized with port(s): 8081 (http)
2025-11-19 14:33:11 - o.a.catalina.core.StandardService - Starting service [Tomcat]
2025-11-19 14:33:11 - o.a.catalina.core.StandardEngine - Starting Servlet engine: [Apache Tomcat/9.0.83]
2025-11-19 14:33:11 - o.a.c.c.C.[Tomcat].[localhost].[/] - Initializing Spring embedded WebApplicationContext
2025-11-19 14:33:11 - o.s.b.w.s.c.ServletWebServerApplicationContext - Root WebApplicationContext: initialization completed in 2067 ms
2025-11-19 14:33:11 - o.h.jpa.internal.util.LogHelper - HHH000204: Processing PersistenceUnitInfo [name: default]
2025-11-19 14:33:11 - org.hibernate.Version - HHH000412: Hibernate ORM core version 5.6.15.Final
2025-11-19 14:33:11 - o.h.annotations.common.Version - HCANN000001: Hibernate Commons Annotations {5.1.2.Final}
2025-11-19 14:33:12 - com.zaxxer.hikari.HikariConfig - HikariPool-1 - idleTimeout has been set but has no effect because the pool is operating as a fixed size pool.
2025-11-19 14:33:12 - com.zaxxer.hikari.HikariDataSource - HikariPool-1 - Starting...
2025-11-19 14:33:16 - com.zaxxer.hikari.HikariDataSource - HikariPool-1 - Start completed.
2025-11-19 14:33:16 - org.hibernate.dialect.Dialect - HHH000400: Using dialect: org.hibernate.dialect.MySQL8Dialect
2025-11-19 14:33:17 - o.h.e.t.j.p.i.JtaPlatformInitiator - HHH000490: Using JtaPlatform implementation: [org.hibernate.engine.transaction.jta.platform.internal.NoJtaPlatform]
2025-11-19 14:33:17 - o.s.o.j.LocalContainerEntityManagerFactoryBean - Initialized JPA EntityManagerFactory for persistence unit 'default'
2025-11-19 14:33:17 - o.s.b.a.s.s.UserDetailsServiceAutoConfiguration - 

Using generated security password: 6e3abc48-6766-4912-93c3-3d25acb3d148

This generated password is for development use only. Your security configuration must be updated before running your application in production.

2025-11-19 14:33:17 - o.s.b.a.o.j.JpaBaseConfiguration$JpaWebConfiguration - spring.jpa.open-in-view is enabled by default. Therefore, database queries may be performed during view rendering. Explicitly configure spring.jpa.open-in-view to disable this warning
2025-11-19 14:33:18 - o.s.b.w.e.tomcat.TomcatWebServer - Tomcat started on port(s): 8081 (http) with context path ''
2025-11-19 14:33:18 - c.p.paymentapi.PaymentApiApplication - Started PaymentApiApplication in 10.117 seconds (JVM running for 10.942)
2025-11-19 14:34:34 - o.a.c.c.C.[Tomcat].[localhost].[/] - Initializing Spring DispatcherServlet 'dispatcherServlet'
2025-11-19 14:34:34 - o.s.web.servlet.DispatcherServlet - Initializing Servlet 'dispatcherServlet'
2025-11-19 14:34:34 - o.s.web.servlet.DispatcherServlet - Completed initialization in 0 ms
2025-11-19 14:54:33 - c.p.paymentapi.PaymentApiApplication - Starting PaymentApiApplication using Java 21.0.8 on DESKTOP-II22I4G with PID 9960 (C:\Users\SEDUC DEST2\Downloads\payment-api(arrumar pagamento,esquecer senha tbm)(2)\payment-api(falta esquecer senha mas tem azure)\payment-api\payment-api\build\classes\java\main started by SEDUC DEST2 in C:\Users\SEDUC DEST2\Downloads\payment-api(arrumar pagamento,esquecer senha tbm)(2)\payment-api(falta esquecer senha mas tem azure)\payment-api\payment-api)
2025-11-19 14:54:33 - c.p.paymentapi.PaymentApiApplication - Running with Spring Boot v2.7.18, Spring v5.3.31
2025-11-19 14:54:33 - c.p.paymentapi.PaymentApiApplication - The following 1 profile is active: "prod"
2025-11-19 14:54:35 - o.s.d.r.c.RepositoryConfigurationDelegate - Bootstrapping Spring Data JPA repositories in DEFAULT mode.
2025-11-19 14:54:35 - o.s.d.r.c.RepositoryConfigurationDelegate - Finished Spring Data repository scanning in 23 ms. Found 0 JPA repository interfaces.
2025-11-19 14:54:36 - o.s.b.w.e.tomcat.TomcatWebServer - Tomcat initialized with port(s): 8081 (http)
2025-11-19 14:54:36 - o.a.catalina.core.StandardService - Starting service [Tomcat]
2025-11-19 14:54:36 - o.a.catalina.core.StandardEngine - Starting Servlet engine: [Apache Tomcat/9.0.83]
2025-11-19 14:54:36 - o.a.c.c.C.[Tomcat].[localhost].[/] - Initializing Spring embedded WebApplicationContext
2025-11-19 14:54:36 - o.s.b.w.s.c.ServletWebServerApplicationContext - Root WebApplicationContext: initialization completed in 3102 ms
2025-11-19 14:54:37 - o.h.jpa.internal.util.LogHelper - HHH000204: Processing PersistenceUnitInfo [name: default]
2025-11-19 14:54:37 - org.hibernate.Version - HHH000412: Hibernate ORM core version 5.6.15.Final
2025-11-19 14:54:37 - o.h.annotations.common.Version - HCANN000001: Hibernate Commons Annotations {5.1.2.Final}
2025-11-19 14:54:37 - com.zaxxer.hikari.HikariConfig - HikariPool-1 - idleTimeout has been set but has no effect because the pool is operating as a fixed size pool.
2025-11-19 14:54:37 - com.zaxxer.hikari.HikariDataSource - HikariPool-1 - Starting...
2025-11-19 14:54:42 - com.zaxxer.hikari.HikariDataSource - HikariPool-1 - Start completed.
2025-11-19 14:54:42 - org.hibernate.dialect.Dialect - HHH000400: Using dialect: org.hibernate.dialect.MySQL8Dialect
2025-11-19 14:54:43 - o.h.e.t.j.p.i.JtaPlatformInitiator - HHH000490: Using JtaPlatform implementation: [org.hibernate.engine.transaction.jta.platform.internal.NoJtaPlatform]
2025-11-19 14:54:43 - o.s.o.j.LocalContainerEntityManagerFactoryBean - Initialized JPA EntityManagerFactory for persistence unit 'default'
2025-11-19 14:54:43 - o.s.b.a.s.s.UserDetailsServiceAutoConfiguration - 

Using generated security password: ae9e075d-21a7-414f-9b9b-04447dd13deb

This generated password is for development use only. Your security configuration must be updated before running your application in production.

2025-11-19 14:54:44 - o.s.b.a.o.j.JpaBaseConfiguration$JpaWebConfiguration - spring.jpa.open-in-view is enabled by default. Therefore, database queries may be performed during view rendering. Explicitly configure spring.jpa.open-in-view to disable this warning
2025-11-19 14:54:46 - o.s.b.w.e.tomcat.TomcatWebServer - Tomcat started on port(s): 8081 (http) with context path ''
2025-11-19 14:54:46 - c.p.paymentapi.PaymentApiApplication - Started PaymentApiApplication in 13.647 seconds (JVM running for 14.256)
2025-11-19 14:55:31 - o.a.c.c.C.[Tomcat].[localhost].[/] - Initializing Spring DispatcherServlet 'dispatcherServlet'
2025-11-19 14:55:31 - o.s.web.servlet.DispatcherServlet - Initializing Servlet 'dispatcherServlet'
2025-11-19 14:55:31 - o.s.web.servlet.DispatcherServlet - Completed initialization in 6 ms
2025-11-19 14:55:57 - o.s.jdbc.core.JdbcTemplate - Executing SQL query [SHOW TABLES]
2025-11-19 14:56:22 - o.s.jdbc.core.JdbcTemplate - Executing SQL statement [CREATE TABLE IF NOT EXISTS test_table (id INT AUTO_INCREMENT PRIMARY KEY, name VARCHAR(255), created_at TIMESTAMP DEFAULT CURRENT_TIMESTAMP)]
2025-11-19 14:56:23 - o.s.jdbc.core.JdbcTemplate - Executing prepared SQL update
2025-11-19 14:56:23 - o.s.jdbc.core.JdbcTemplate - Executing prepared SQL statement [INSERT INTO test_table (name) VALUES (?)]
2025-11-19 14:56:23 - o.s.jdbc.core.StatementCreatorUtils - Setting SQL statement parameter value: column index 1, parameter value [Teste Azure - Wed Nov 19 14:56:23 BRT 2025], value class [java.lang.String], SQL type unknown
2025-11-19 14:56:24 - o.s.jdbc.core.JdbcTemplate - Executing SQL query [SELECT * FROM test_table ORDER BY created_at DESC LIMIT 5]
2025-11-19 14:57:33 - o.s.w.s.m.s.DefaultHandlerExceptionResolver - Resolved [org.springframework.web.HttpRequestMethodNotSupportedException: Request method 'GET' not supported]
2025-11-19 14:57:37 - o.s.w.s.m.s.DefaultHandlerExceptionResolver - Resolved [org.springframework.web.HttpMediaTypeNotSupportedException: Content type 'text/plain;charset=UTF-8' not supported]
2025-11-19 14:58:43 - c.p.paymentapi.PaymentApiApplication - Starting PaymentApiApplication using Java 21.0.8 on DESKTOP-II22I4G with PID 11536 (C:\Users\SEDUC DEST2\Downloads\payment-api(arrumar pagamento,esquecer senha tbm)(2)\payment-api(falta esquecer senha mas tem azure)\payment-api\payment-api\build\classes\java\main started by SEDUC DEST2 in C:\Users\SEDUC DEST2\Downloads\payment-api(arrumar pagamento,esquecer senha tbm)(2)\payment-api(falta esquecer senha mas tem azure)\payment-api\payment-api)
2025-11-19 14:58:43 - c.p.paymentapi.PaymentApiApplication - Running with Spring Boot v2.7.18, Spring v5.3.31
2025-11-19 14:58:43 - c.p.paymentapi.PaymentApiApplication - The following 1 profile is active: "prod"
2025-11-19 14:58:44 - o.s.d.r.c.RepositoryConfigurationDelegate - Bootstrapping Spring Data JPA repositories in DEFAULT mode.
2025-11-19 14:58:44 - o.s.d.r.c.RepositoryConfigurationDelegate - Finished Spring Data repository scanning in 15 ms. Found 0 JPA repository interfaces.
2025-11-19 14:58:45 - o.s.b.w.e.tomcat.TomcatWebServer - Tomcat initialized with port(s): 8081 (http)
2025-11-19 14:58:45 - o.a.catalina.core.StandardService - Starting service [Tomcat]
2025-11-19 14:58:45 - o.a.catalina.core.StandardEngine - Starting Servlet engine: [Apache Tomcat/9.0.83]
2025-11-19 14:58:45 - o.a.c.c.C.[Tomcat].[localhost].[/] - Initializing Spring embedded WebApplicationContext
2025-11-19 14:58:45 - o.s.b.w.s.c.ServletWebServerApplicationContext - Root WebApplicationContext: initialization completed in 2008 ms
2025-11-19 14:58:46 - o.h.jpa.internal.util.LogHelper - HHH000204: Processing PersistenceUnitInfo [name: default]
2025-11-19 14:58:46 - org.hibernate.Version - HHH000412: Hibernate ORM core version 5.6.15.Final
2025-11-19 14:58:46 - o.h.annotations.common.Version - HCANN000001: Hibernate Commons Annotations {5.1.2.Final}
2025-11-19 14:58:46 - com.zaxxer.hikari.HikariConfig - HikariPool-1 - idleTimeout has been set but has no effect because the pool is operating as a fixed size pool.
2025-11-19 14:58:46 - com.zaxxer.hikari.HikariDataSource - HikariPool-1 - Starting...
2025-11-19 14:58:50 - com.zaxxer.hikari.HikariDataSource - HikariPool-1 - Start completed.
2025-11-19 14:58:50 - org.hibernate.dialect.Dialect - HHH000400: Using dialect: org.hibernate.dialect.MySQL8Dialect
2025-11-19 14:58:51 - o.h.e.t.j.p.i.JtaPlatformInitiator - HHH000490: Using JtaPlatform implementation: [org.hibernate.engine.transaction.jta.platform.internal.NoJtaPlatform]
2025-11-19 14:58:51 - o.s.o.j.LocalContainerEntityManagerFactoryBean - Initialized JPA EntityManagerFactory for persistence unit 'default'
2025-11-19 14:58:51 - o.s.b.a.s.s.UserDetailsServiceAutoConfiguration - 

Using generated security password: 39a95aa4-5b60-499d-b7f1-328e0c6498f6

This generated password is for development use only. Your security configuration must be updated before running your application in production.

2025-11-19 14:58:52 - o.s.b.a.o.j.JpaBaseConfiguration$JpaWebConfiguration - spring.jpa.open-in-view is enabled by default. Therefore, database queries may be performed during view rendering. Explicitly configure spring.jpa.open-in-view to disable this warning
2025-11-19 14:58:53 - o.s.b.w.e.tomcat.TomcatWebServer - Tomcat started on port(s): 8081 (http) with context path ''
2025-11-19 14:58:53 - c.p.paymentapi.PaymentApiApplication - Started PaymentApiApplication in 10.346 seconds (JVM running for 10.962)
2025-11-19 14:59:23 - o.a.c.c.C.[Tomcat].[localhost].[/] - Initializing Spring DispatcherServlet 'dispatcherServlet'
2025-11-19 14:59:23 - o.s.web.servlet.DispatcherServlet - Initializing Servlet 'dispatcherServlet'
2025-11-19 14:59:23 - o.s.web.servlet.DispatcherServlet - Completed initialization in 2 ms
2025-11-19 15:02:06 - o.s.jdbc.core.JdbcTemplate - Executing SQL query [SELECT COUNT(*) FROM usuario]
2025-11-19 15:02:41 - o.s.jdbc.core.JdbcTemplate - Executing SQL query [SHOW TABLES]
